****************
2019-07-19 00:53:01
# QUERY
Teacher: 'null' QUERY COURSE on TABLE:TeacherCourse
****************
****************
2019-07-19 00:53:01
# QUERY
Teacher: 'null' QUERY COURSE on TABLE:TeacherCourse
****************
****************
2019-07-19 00:53:01
# QUERY
Teacher: 'null' QUERY COURSE on TABLE:TeacherCourse
****************
****************
2019-07-19 00:53:01
# QUERY
Teacher: 'null' QUERY COURSE on TABLE:TeacherCourse
****************
****************
2019-07-19 00:53:01
# QUERY
Teacher: 'null' QUERY COURSE on TABLE:TeacherCourse
****************
****************
2019-07-19 01:01:45
# QUERY
Teacher: 'null' QUERY COURSE on TABLE:TeacherCourse
****************
****************
2019-07-19 01:01:45
# QUERY
Teacher: 'null' QUERY COURSE on TABLE:TeacherCourse
****************
****************
2019-07-19 01:01:45
# QUERY
Teacher: 'null' QUERY COURSE on TABLE:TeacherCourse
****************
****************
2019-07-19 01:01:45
# QUERY
Teacher: 'null' QUERY COURSE on TABLE:TeacherCourse
****************
****************
2019-07-19 01:01:45
# QUERY
Teacher: 'null' QUERY COURSE on TABLE:TeacherCourse
****************
****************
2019-07-19 01:03:19
# QUERY
Teacher: 'null' QUERY COURSE on TABLE:TeacherCourse
****************
****************
2019-07-19 01:03:19
# QUERY
Teacher: 'null' QUERY COURSE on TABLE:TeacherCourse
****************
****************
2019-07-19 01:03:19
# QUERY
Teacher: 'null' QUERY COURSE on TABLE:TeacherCourse
****************
****************
2019-07-19 01:03:19
# QUERY
Teacher: 'null' QUERY COURSE on TABLE:TeacherCourse
****************
****************
2019-07-19 01:03:19
# QUERY
Teacher: 'null' QUERY COURSE on TABLE:TeacherCourse
****************
****************
2019-07-19 01:05:05
# QUERY
Teacher: 'Amy' QUERY COURSE on TABLE:TeacherCourse
****************
****************
2019-07-19 01:05:05
# QUERY
Teacher: 'Amy' QUERY COURSE on TABLE:TeacherCourse
****************
****************
2019-07-19 01:05:05
# QUERY
Teacher: 'Amy' QUERY COURSE on TABLE:TeacherCourse
****************
****************
2019-07-19 01:05:05
# QUERY
Teacher: 'Amy' QUERY COURSE on TABLE:TeacherCourse
****************
****************
2019-07-19 01:05:05
# QUERY
Teacher: 'Amy' QUERY COURSE on TABLE:TeacherCourse
****************
****************
2019-07-19 01:15:28
# QUERY
Teacher: 'Amy' QUERY COURSE on TABLE:TeacherCourse
****************
****************
2019-07-19 01:15:28
# QUERY
Teacher: 'Amy' QUERY COURSE on TABLE:TeacherCourse
****************
****************
2019-07-19 01:15:28
# QUERY
Teacher: 'Amy' QUERY COURSE on TABLE:TeacherCourse
****************
****************
2019-07-19 01:15:28
# QUERY
Teacher: 'Amy' QUERY COURSE on TABLE:TeacherCourse
****************
****************
2019-07-19 01:15:28
# QUERY
Teacher: 'Amy' QUERY COURSE on TABLE:TeacherCourse
****************
****************
2019-07-19 01:15:30
# QUERY
Teacher: 'Amy' QUERY COURSE on TABLE:TeacherCourse
****************
****************
2019-07-19 01:15:30
# QUERY
Teacher: 'Amy' QUERY COURSE on TABLE:TeacherCourse
****************
****************
2019-07-19 01:15:30
# QUERY
Teacher: 'Amy' QUERY COURSE on TABLE:TeacherCourse
****************
****************
2019-07-19 01:15:30
# QUERY
Teacher: 'Amy' QUERY COURSE on TABLE:TeacherCourse
****************
****************
2019-07-19 01:15:32
# QUERY
Teacher: 'Amy' QUERY COURSE on TABLE:TeacherCourse
****************
****************
2019-07-19 01:15:32
# QUERY
Teacher: 'Amy' QUERY COURSE on TABLE:TeacherCourse
****************
****************
2019-07-19 01:15:32
# QUERY
Teacher: 'Amy' QUERY COURSE on TABLE:TeacherCourse
****************
****************
2019-07-19 01:15:32
# QUERY
Teacher: 'Amy' QUERY COURSE on TABLE:TeacherCourse
****************
****************
2019-07-19 01:16:48
# QUERY
Teacher: 'Amy' QUERY COURSE on TABLE:TeacherCourse
****************
****************
2019-07-19 01:16:48
# QUERY
Teacher: 'Amy' QUERY COURSE on TABLE:TeacherCourse
****************
****************
2019-07-19 01:16:48
# QUERY
Teacher: 'Amy' QUERY COURSE on TABLE:TeacherCourse
****************
****************
2019-07-19 01:16:48
# QUERY
Teacher: 'Amy' QUERY COURSE on TABLE:TeacherCourse
****************
****************
2019-07-19 01:16:48
# QUERY
Teacher: 'Amy' QUERY COURSE on TABLE:TeacherCourse
****************
****************
2019-07-19 01:16:50
# QUERY
Teacher: 'Amy' QUERY COURSE on TABLE:TeacherCourse
****************
****************
2019-07-19 01:16:50
# QUERY
Teacher: 'Amy' QUERY COURSE on TABLE:TeacherCourse
****************
****************
2019-07-19 01:16:50
# QUERY
Teacher: 'Amy' QUERY COURSE on TABLE:TeacherCourse
****************
****************
2019-07-19 01:16:50
# QUERY
Teacher: 'Amy' QUERY COURSE on TABLE:TeacherCourse
****************
****************
2019-07-19 01:28:31
# QUERY
Teacher: 'Amy' QUERY COURSE on TABLE:TeacherCourse
****************
****************
2019-07-19 01:28:31
# QUERY
Teacher: 'Amy' QUERY COURSE on TABLE:TeacherCourse
****************
****************
2019-07-19 01:28:31
# QUERY
Teacher: 'Amy' QUERY COURSE on TABLE:TeacherCourse
****************
****************
2019-07-19 01:28:31
# QUERY
Teacher: 'Amy' QUERY COURSE on TABLE:TeacherCourse
****************
****************
2019-07-19 01:28:31
# QUERY
Teacher: 'Amy' QUERY COURSE on TABLE:TeacherCourse
****************
****************
2019-07-19 01:28:33
# QUERY
Teacher: 'Amy' QUERY COURSE on TABLE:TeacherCourse
****************
****************
2019-07-19 01:28:33
# QUERY
Teacher: 'Amy' QUERY COURSE on TABLE:TeacherCourse
****************
****************
2019-07-19 01:28:33
# QUERY
Teacher: 'Amy' QUERY COURSE on TABLE:TeacherCourse
****************
****************
2019-07-19 01:28:33
# QUERY
Teacher: 'Amy' QUERY COURSE on TABLE:TeacherCourse
****************
****************
2019-07-19 01:28:34
# QUERY
Teacher: 'Amy' QUERY COURSE on TABLE:TeacherCourse
****************
****************
2019-07-19 01:28:34
# QUERY
Teacher: 'Amy' QUERY COURSE on TABLE:TeacherCourse
****************
****************
2019-07-19 01:28:34
# QUERY
Teacher: 'Amy' QUERY COURSE on TABLE:TeacherCourse
****************
****************
2019-07-19 01:28:34
# QUERY
Teacher: 'Amy' QUERY COURSE on TABLE:TeacherCourse
****************
****************
2019-07-19 01:28:35
# QUERY
Teacher: 'Amy' QUERY COURSE on TABLE:TeacherCourse
****************
****************
2019-07-19 01:28:35
# QUERY
Teacher: 'Amy' QUERY COURSE on TABLE:TeacherCourse
****************
****************
2019-07-19 01:28:35
# QUERY
Teacher: 'Amy' QUERY COURSE on TABLE:TeacherCourse
****************
****************
2019-07-19 01:28:35
# QUERY
Teacher: 'Amy' QUERY COURSE on TABLE:TeacherCourse
****************
****************
2019-07-19 01:28:35
# QUERY
Teacher: 'Amy' QUERY COURSE on TABLE:TeacherCourse
****************
****************
2019-07-19 01:28:35
# QUERY
Teacher: 'Amy' QUERY COURSE on TABLE:TeacherCourse
****************
****************
2019-07-19 01:28:35
# QUERY
Teacher: 'Amy' QUERY COURSE on TABLE:TeacherCourse
****************
****************
2019-07-19 01:28:35
# QUERY
Teacher: 'Amy' QUERY COURSE on TABLE:TeacherCourse
****************
****************
2019-07-19 01:28:42
# QUERY
Teacher: 'Amy' QUERY SCGrade on TABLE:StudentCourse
****************
****************
2019-07-19 01:28:44
# QUERY
Teacher: 'Amy' QUERY SCGrade on TABLE:StudentCourse
****************
****************
2019-07-19 01:32:44
# QUERY
Teacher: 'Amy' QUERY COURSE on TABLE:TeacherCourse
****************
****************
2019-07-19 01:32:44
# QUERY
Teacher: 'Amy' QUERY COURSE on TABLE:TeacherCourse
****************
****************
2019-07-19 01:32:44
# QUERY
Teacher: 'Amy' QUERY COURSE on TABLE:TeacherCourse
****************
****************
2019-07-19 01:32:44
# QUERY
Teacher: 'Amy' QUERY COURSE on TABLE:TeacherCourse
****************
****************
2019-07-19 01:32:44
# QUERY
Teacher: 'Amy' QUERY COURSE on TABLE:TeacherCourse
****************
****************
2019-07-19 01:32:45
# QUERY
Teacher: 'Amy' QUERY COURSE on TABLE:TeacherCourse
****************
****************
2019-07-19 01:32:45
# QUERY
Teacher: 'Amy' QUERY COURSE on TABLE:TeacherCourse
****************
****************
2019-07-19 01:32:45
# QUERY
Teacher: 'Amy' QUERY COURSE on TABLE:TeacherCourse
****************
****************
2019-07-19 01:32:45
# QUERY
Teacher: 'Amy' QUERY COURSE on TABLE:TeacherCourse
****************
****************
2019-07-19 01:32:46
# QUERY
Teacher: 'Amy' QUERY COURSE on TABLE:TeacherCourse
****************
****************
2019-07-19 01:32:46
# QUERY
Teacher: 'Amy' QUERY COURSE on TABLE:TeacherCourse
****************
****************
2019-07-19 01:32:46
# QUERY
Teacher: 'Amy' QUERY COURSE on TABLE:TeacherCourse
****************
****************
2019-07-19 01:32:46
# QUERY
Teacher: 'Amy' QUERY COURSE on TABLE:TeacherCourse
****************
****************
2019-07-19 01:32:46
# QUERY
Teacher: 'Amy' QUERY COURSE on TABLE:TeacherCourse
****************
****************
2019-07-19 01:32:46
# QUERY
Teacher: 'Amy' QUERY COURSE on TABLE:TeacherCourse
****************
****************
2019-07-19 01:32:46
# QUERY
Teacher: 'Amy' QUERY COURSE on TABLE:TeacherCourse
****************
****************
2019-07-19 01:32:46
# QUERY
Teacher: 'Amy' QUERY COURSE on TABLE:TeacherCourse
****************
****************
2019-07-19 01:32:47
# QUERY
Teacher: 'Amy' QUERY SCGrade on TABLE:StudentCourse
****************
****************
2019-07-19 01:36:22
# QUERY
Teacher: 'Amy' QUERY COURSE on TABLE:TeacherCourse
****************
****************
2019-07-19 01:36:22
# QUERY
Teacher: 'Amy' QUERY COURSE on TABLE:TeacherCourse
****************
****************
2019-07-19 01:36:22
# QUERY
Teacher: 'Amy' QUERY COURSE on TABLE:TeacherCourse
****************
****************
2019-07-19 01:36:22
# QUERY
Teacher: 'Amy' QUERY COURSE on TABLE:TeacherCourse
****************
****************
2019-07-19 01:36:22
# QUERY
Teacher: 'Amy' QUERY COURSE on TABLE:TeacherCourse
****************
****************
2019-07-19 01:40:46
# QUERY
Teacher: 'Amy' QUERY COURSE on TABLE:TeacherCourse
****************
****************
2019-07-19 01:40:46
# QUERY
Teacher: 'Amy' QUERY COURSE on TABLE:TeacherCourse
****************
****************
2019-07-19 01:40:46
# QUERY
Teacher: 'Amy' QUERY COURSE on TABLE:TeacherCourse
****************
****************
2019-07-19 01:40:46
# QUERY
Teacher: 'Amy' QUERY COURSE on TABLE:TeacherCourse
****************
****************
2019-07-19 01:40:50
# QUERY
Teacher: 'Amy' QUERY COURSE on TABLE:TeacherCourse
****************
****************
2019-07-19 01:42:02
# QUERY
Teacher: 'Amy' QUERY COURSE on TABLE:TeacherCourse
****************
****************
2019-07-19 01:42:02
# QUERY
Teacher: 'Amy' QUERY COURSE on TABLE:TeacherCourse
****************
****************
2019-07-19 01:42:02
# QUERY
Teacher: 'Amy' QUERY COURSE on TABLE:TeacherCourse
****************
****************
2019-07-19 01:42:02
# QUERY
Teacher: 'Amy' QUERY COURSE on TABLE:TeacherCourse
****************
****************
2019-07-19 01:42:02
# QUERY
Teacher: 'Amy' QUERY COURSE on TABLE:TeacherCourse
****************
****************
2019-07-19 01:42:04
# QUERY
Teacher: 'Amy' QUERY SCGrade on TABLE:StudentCourse
****************
****************
2019-07-19 01:42:04
# QUERY
Teacher: 'Amy' QUERY SCGrade on TABLE:StudentCourse
****************
****************
2019-07-19 01:42:04
# QUERY
Teacher: 'Amy' QUERY SCGrade on TABLE:StudentCourse
****************
****************
2019-07-19 01:42:04
# QUERY
Teacher: 'Amy' QUERY SCGrade on TABLE:StudentCourse
****************
****************
2019-07-19 01:42:04
# QUERY
Teacher: 'Amy' QUERY SCGrade on TABLE:StudentCourse
****************
****************
2019-07-19 01:42:12
# QUERY
Teacher: 'Amy' QUERY SCGrade on TABLE:StudentCourse
****************
****************
2019-07-19 01:42:12
# QUERY
Teacher: 'Amy' QUERY SCGrade on TABLE:StudentCourse
****************
****************
2019-07-19 01:42:12
# QUERY
Teacher: 'Amy' QUERY SCGrade on TABLE:StudentCourse
****************
****************
2019-07-19 01:42:12
# QUERY
Teacher: 'Amy' QUERY SCGrade on TABLE:StudentCourse
****************
****************
2019-07-19 01:42:12
# QUERY
Teacher: 'Amy' QUERY SCGrade on TABLE:StudentCourse
****************
****************
2019-07-19 01:42:18
# QUERY
Teacher: 'Amy' QUERY SCGrade on TABLE:StudentCourse
****************
****************
2019-07-19 01:42:18
# QUERY
Teacher: 'Amy' QUERY SCGrade on TABLE:StudentCourse
****************
****************
2019-07-19 01:42:18
# QUERY
Teacher: 'Amy' QUERY SCGrade on TABLE:StudentCourse
****************
****************
2019-07-19 01:42:18
# QUERY
Teacher: 'Amy' QUERY SCGrade on TABLE:StudentCourse
****************
****************
2019-07-19 01:42:18
# QUERY
Teacher: 'Amy' QUERY SCGrade on TABLE:StudentCourse
****************
****************
2019-07-19 01:44:06
# QUERY
Teacher: 'Amy' QUERY COURSE on TABLE:TeacherCourse
****************
****************
2019-07-19 01:44:06
# QUERY
Teacher: 'Amy' QUERY COURSE on TABLE:TeacherCourse
****************
****************
2019-07-19 01:44:06
# QUERY
Teacher: 'Amy' QUERY COURSE on TABLE:TeacherCourse
****************
****************
2019-07-19 01:44:06
# QUERY
Teacher: 'Amy' QUERY COURSE on TABLE:TeacherCourse
****************
****************
2019-07-19 01:44:06
# QUERY
Teacher: 'Amy' QUERY COURSE on TABLE:TeacherCourse
****************
****************
2019-07-19 01:44:07
# QUERY
Teacher: 'Amy' QUERY COURSE on TABLE:TeacherCourse
****************
****************
2019-07-19 01:44:07
# QUERY
Teacher: 'Amy' QUERY SCGrade on TABLE:StudentCourse
****************
****************
2019-07-19 01:44:07
# QUERY
Teacher: 'Amy' QUERY SCGrade on TABLE:StudentCourse
****************
****************
2019-07-19 01:44:07
# QUERY
Teacher: 'Amy' QUERY SCGrade on TABLE:StudentCourse
****************
****************
2019-07-19 01:44:07
# QUERY
Teacher: 'Amy' QUERY SCGrade on TABLE:StudentCourse
****************
****************
2019-07-19 01:44:07
# QUERY
Teacher: 'Amy' QUERY SCGrade on TABLE:StudentCourse
****************
****************
2019-07-19 01:44:09
# QUERY
Teacher: 'Amy' QUERY COURSE on TABLE:TeacherCourse
****************
****************
2019-07-19 01:44:09
# QUERY
Teacher: 'Amy' QUERY SCGrade on TABLE:StudentCourse
****************
****************
2019-07-19 01:44:09
# QUERY
Teacher: 'Amy' QUERY SCGrade on TABLE:StudentCourse
****************
****************
2019-07-19 01:44:09
# QUERY
Teacher: 'Amy' QUERY SCGrade on TABLE:StudentCourse
****************
****************
2019-07-19 01:44:09
# QUERY
Teacher: 'Amy' QUERY SCGrade on TABLE:StudentCourse
****************
****************
2019-07-19 01:44:09
# QUERY
Teacher: 'Amy' QUERY SCGrade on TABLE:StudentCourse
****************
****************
2019-07-19 01:44:13
# QUERY
Teacher: 'Amy' QUERY COURSE on TABLE:TeacherCourse
****************
****************
2019-07-19 01:44:13
# QUERY
Teacher: 'Amy' QUERY SCGrade on TABLE:StudentCourse
****************
****************
2019-07-19 01:44:13
# QUERY
Teacher: 'Amy' QUERY SCGrade on TABLE:StudentCourse
****************
****************
2019-07-19 01:44:13
# QUERY
Teacher: 'Amy' QUERY SCGrade on TABLE:StudentCourse
****************
****************
2019-07-19 01:44:13
# QUERY
Teacher: 'Amy' QUERY SCGrade on TABLE:StudentCourse
****************
****************
2019-07-19 01:44:13
# QUERY
Teacher: 'Amy' QUERY SCGrade on TABLE:StudentCourse
****************
****************
2019-07-19 01:45:02
# QUERY
Teacher: 'Amy' QUERY COURSE on TABLE:TeacherCourse
****************
****************
2019-07-19 01:45:02
# QUERY
Teacher: 'Amy' QUERY COURSE on TABLE:TeacherCourse
****************
****************
2019-07-19 01:45:02
# QUERY
Teacher: 'Amy' QUERY COURSE on TABLE:TeacherCourse
****************
****************
2019-07-19 01:45:02
# QUERY
Teacher: 'Amy' QUERY COURSE on TABLE:TeacherCourse
****************
****************
2019-07-19 01:45:02
# QUERY
Teacher: 'Amy' QUERY COURSE on TABLE:TeacherCourse
****************
****************
2019-07-19 01:45:03
# QUERY
Teacher: 'Amy' QUERY COURSE on TABLE:TeacherCourse
****************
****************
2019-07-19 01:45:03
# QUERY
Teacher: 'Amy' QUERY SCGrade on TABLE:StudentCourse
****************
****************
2019-07-19 01:45:03
# QUERY
Teacher: 'Amy' QUERY SCGrade on TABLE:StudentCourse
****************
****************
2019-07-19 01:45:03
# QUERY
Teacher: 'Amy' QUERY SCGrade on TABLE:StudentCourse
****************
****************
2019-07-19 01:45:03
# QUERY
Teacher: 'Amy' QUERY SCGrade on TABLE:StudentCourse
****************
****************
2019-07-19 01:45:03
# QUERY
Teacher: 'Amy' QUERY SCGrade on TABLE:StudentCourse
****************
****************
2019-07-19 01:45:05
# QUERY
Teacher: 'Amy' QUERY COURSE on TABLE:TeacherCourse
****************
****************
2019-07-19 01:45:05
# QUERY
Teacher: 'Amy' QUERY SCGrade on TABLE:StudentCourse
****************
****************
2019-07-19 01:45:05
# QUERY
Teacher: 'Amy' QUERY SCGrade on TABLE:StudentCourse
****************
****************
2019-07-19 01:45:05
# QUERY
Teacher: 'Amy' QUERY SCGrade on TABLE:StudentCourse
****************
****************
2019-07-19 01:45:05
# QUERY
Teacher: 'Amy' QUERY SCGrade on TABLE:StudentCourse
****************
****************
2019-07-19 01:45:08
# QUERY
Teacher: 'Amy' QUERY COURSE on TABLE:TeacherCourse
****************
****************
2019-07-19 01:45:08
# QUERY
Teacher: 'Amy' QUERY SCGrade on TABLE:StudentCourse
****************
****************
2019-07-19 01:45:08
# QUERY
Teacher: 'Amy' QUERY SCGrade on TABLE:StudentCourse
****************
****************
2019-07-19 01:45:08
# QUERY
Teacher: 'Amy' QUERY SCGrade on TABLE:StudentCourse
****************
****************
2019-07-19 01:45:08
# QUERY
Teacher: 'Amy' QUERY SCGrade on TABLE:StudentCourse
****************
****************
2019-07-19 01:45:08
# QUERY
Teacher: 'Amy' QUERY SCGrade on TABLE:StudentCourse
****************
****************
2019-07-19 01:46:00
# QUERY
Teacher: 'Amy' QUERY COURSE on TABLE:TeacherCourse
****************
****************
2019-07-19 01:46:00
# QUERY
Teacher: 'Amy' QUERY COURSE on TABLE:TeacherCourse
****************
****************
2019-07-19 01:46:00
# QUERY
Teacher: 'Amy' QUERY COURSE on TABLE:TeacherCourse
****************
****************
2019-07-19 01:46:00
# QUERY
Teacher: 'Amy' QUERY COURSE on TABLE:TeacherCourse
****************
****************
2019-07-19 01:46:00
# QUERY
Teacher: 'Amy' QUERY COURSE on TABLE:TeacherCourse
****************
****************
2019-07-19 01:46:03
# QUERY
Teacher: 'Amy' QUERY COURSE on TABLE:TeacherCourse
****************
****************
2019-07-19 01:46:03
# QUERY
Teacher: 'Amy' QUERY COURSE on TABLE:TeacherCourse
****************
****************
2019-07-19 01:46:03
# QUERY
Teacher: 'Amy' QUERY COURSE on TABLE:TeacherCourse
****************
****************
2019-07-19 01:46:03
# QUERY
Teacher: 'Amy' QUERY COURSE on TABLE:TeacherCourse
****************
****************
2019-07-19 01:54:53
# QUERY
Teacher: 'Amy' QUERY COURSE on TABLE:TeacherCourse
****************
****************
2019-07-19 01:54:53
# QUERY
Teacher: 'Amy' QUERY COURSE on TABLE:TeacherCourse
****************
****************
2019-07-19 01:54:53
# QUERY
Teacher: 'Amy' QUERY COURSE on TABLE:TeacherCourse
****************
****************
2019-07-19 01:54:53
# QUERY
Teacher: 'Amy' QUERY COURSE on TABLE:TeacherCourse
****************
****************
2019-07-19 01:54:53
# QUERY
Teacher: 'Amy' QUERY COURSE on TABLE:TeacherCourse
****************
****************
2019-07-19 01:54:55
# QUERY
Teacher: 'Amy' QUERY COURSE on TABLE:TeacherCourse
****************
****************
2019-07-19 01:54:55
# QUERY
Teacher: 'Amy' QUERY SCGrade on TABLE:StudentCourse
****************
****************
2019-07-19 01:54:55
# QUERY
Teacher: 'Amy' QUERY SCGrade on TABLE:StudentCourse
****************
****************
2019-07-19 01:54:55
# QUERY
Teacher: 'Amy' QUERY SCGrade on TABLE:StudentCourse
****************
****************
2019-07-19 01:54:55
# QUERY
Teacher: 'Amy' QUERY SCGrade on TABLE:StudentCourse
****************
****************
2019-07-19 01:54:55
# QUERY
Teacher: 'Amy' QUERY SCGrade on TABLE:StudentCourse
****************
****************
2019-07-19 01:57:44
# QUERY
Teacher: 'Amy' QUERY COURSE on TABLE:TeacherCourse
****************
****************
2019-07-19 01:57:44
# QUERY
Teacher: 'Amy' QUERY COURSE on TABLE:TeacherCourse
****************
****************
2019-07-19 01:57:44
# QUERY
Teacher: 'Amy' QUERY COURSE on TABLE:TeacherCourse
****************
****************
2019-07-19 01:57:44
# QUERY
Teacher: 'Amy' QUERY COURSE on TABLE:TeacherCourse
****************
****************
2019-07-19 01:57:44
# QUERY
Teacher: 'Amy' QUERY COURSE on TABLE:TeacherCourse
****************
